<?xml version="1.0" encoding="UTF-8"?>
<!-- Generated by org.testng.reporters.JUnitReportReporter -->
<testsuite skipped="0" hostname="DESKTOP-KJDI7QK" name="com.netbank.TestCases.TC_LoginTest_001" tests="1" failures="0" timestamp="2020-05-11T16:36:17 EDT" time="6.171" errors="0">
  <testcase name="loginTest" time="6.171" classname="com.netbank.TestCases.TC_LoginTest_001"/>
</testsuite> <!-- com.netbank.TestCases.TC_LoginTest_001 -->
