<?xml version="1.0" encoding="UTF-8"?>
<!-- Generated by org.testng.reporters.JUnitReportReporter -->
<testsuite skipped="1" hostname="DESKTOP-KJDI7QK" name="com.netbank.TestCases.TC_LoginDDT_002" tests="1" failures="0" timestamp="2020-05-11T16:36:17 EDT" time="0.000" errors="0">
  <testcase name="loginDDT" time="0.000" classname="com.netbank.TestCases.TC_LoginDDT_002">
    <skipped/>
  </testcase> <!-- loginDDT -->
</testsuite> <!-- com.netbank.TestCases.TC_LoginDDT_002 -->
