<?xml version="1.0" encoding="UTF-8"?>
<!-- Generated by org.testng.reporters.JUnitReportReporter -->
<testsuite skipped="0" hostname="DESKTOP-KJDI7QK" name="com.netbank.TestCases.TC_AddCustomerTest_003" tests="1" failures="0" timestamp="2020-05-13T21:02:09 EDT" time="15.888" errors="0">
  <testcase name="addNewCustomer" time="15.888" classname="com.netbank.TestCases.TC_AddCustomerTest_003"/>
</testsuite> <!-- com.netbank.TestCases.TC_AddCustomerTest_003 -->
