<?xml version="1.0" encoding="UTF-8"?>
<!-- Generated by org.testng.reporters.JUnitReportReporter -->
<testsuite skipped="0" hostname="DESKTOP-KJDI7QK" name="com.netbank.TestCases.TC_LoginTest_001" tests="1" failures="0" timestamp="2020-05-13T21:02:09 EDT" time="11.566" errors="0">
  <testcase name="loginTest" time="11.566" classname="com.netbank.TestCases.TC_LoginTest_001"/>
</testsuite> <!-- com.netbank.TestCases.TC_LoginTest_001 -->
